[debug] [2026-04-22T14:15:19.058Z] ----------------------------------------------------------------------
[debug] [2026-04-22T14:15:19.060Z] Command:       /opt/homebrew/Cellar/node@22/22.22.2_1/bin/node /opt/homebrew/bin/firebase deploy --only functions
[debug] [2026-04-22T14:15:19.060Z] CLI Version:   15.15.0
[debug] [2026-04-22T14:15:19.060Z] Platform:      darwin
[debug] [2026-04-22T14:15:19.060Z] Node Version:  v22.22.2
[debug] [2026-04-22T14:15:19.061Z] Time:          Wed Apr 22 2026 07:15:19 GMT-0700 (Pacific Daylight Time)
[debug] [2026-04-22T14:15:19.061Z] ----------------------------------------------------------------------
[debug] 
[debug] [2026-04-22T14:15:19.837Z] > command requires scopes: ["email","openid","https://www.googleapis.com/auth/cloudplatformprojects.readonly","https://www.googleapis.com/auth/firebase","https://www.googleapis.com/auth/cloud-platform"]
[debug] [2026-04-22T14:15:19.837Z] > authorizing via signed-in user (drichard989@gmail.com)
[debug] [2026-04-22T14:15:19.837Z] [iam] checking project golfgames-b3539 for permissions ["cloudfunctions.functions.create","cloudfunctions.functions.delete","cloudfunctions.functions.get","cloudfunctions.functions.list","cloudfunctions.functions.update","cloudfunctions.operations.get","firebase.projects.get"]
[debug] [2026-04-22T14:15:19.838Z] Checked if tokens are valid: false, expires at: 1776832121098
[debug] [2026-04-22T14:15:19.838Z] Checked if tokens are valid: false, expires at: 1776832121098
[debug] [2026-04-22T14:15:19.838Z] > refreshing access token with scopes: []
[debug] [2026-04-22T14:15:19.839Z] >>> [apiv2][query] POST https://www.googleapis.com/oauth2/v3/token [none]
[debug] [2026-04-22T14:15:19.839Z] >>> [apiv2][body] POST https://www.googleapis.com/oauth2/v3/token [omitted]
[debug] [2026-04-22T14:15:20.029Z] <<< [apiv2][status] POST https://www.googleapis.com/oauth2/v3/token 200
[debug] [2026-04-22T14:15:20.029Z] <<< [apiv2][body] POST https://www.googleapis.com/oauth2/v3/token [omitted]
[debug] [2026-04-22T14:15:20.046Z] >>> [apiv2][query] POST https://cloudresourcemanager.googleapis.com/v1/projects/golfgames-b3539:testIamPermissions [none]
[debug] [2026-04-22T14:15:20.046Z] >>> [apiv2][(partial)header] POST https://cloudresourcemanager.googleapis.com/v1/projects/golfgames-b3539:testIamPermissions  x-goog-user-project=golfgames-b3539
[debug] [2026-04-22T14:15:20.046Z] >>> [apiv2][body] POST https://cloudresourcemanager.googleapis.com/v1/projects/golfgames-b3539:testIamPermissions {"permissions":["cloudfunctions.functions.create","cloudfunctions.functions.delete","cloudfunctions.functions.get","cloudfunctions.functions.list","cloudfunctions.functions.update","cloudfunctions.operations.get","firebase.projects.get"]}
[debug] [2026-04-22T14:15:20.235Z] <<< [apiv2][status] POST https://cloudresourcemanager.googleapis.com/v1/projects/golfgames-b3539:testIamPermissions 200
[debug] [2026-04-22T14:15:20.236Z] <<< [apiv2][body] POST https://cloudresourcemanager.googleapis.com/v1/projects/golfgames-b3539:testIamPermissions {"permissions":["cloudfunctions.functions.create","cloudfunctions.functions.delete","cloudfunctions.functions.get","cloudfunctions.functions.list","cloudfunctions.functions.update","cloudfunctions.operations.get","firebase.projects.get"]}
[debug] [2026-04-22T14:15:20.236Z] Checked if tokens are valid: true, expires at: 1776870919029
[debug] [2026-04-22T14:15:20.236Z] Checked if tokens are valid: true, expires at: 1776870919029
[debug] [2026-04-22T14:15:20.236Z] >>> [apiv2][query] POST https://iam.googleapis.com/v1/projects/golfgames-b3539/serviceAccounts/golfgames-b3539@appspot.gserviceaccount.com:testIamPermissions [none]
[debug] [2026-04-22T14:15:20.236Z] >>> [apiv2][body] POST https://iam.googleapis.com/v1/projects/golfgames-b3539/serviceAccounts/golfgames-b3539@appspot.gserviceaccount.com:testIamPermissions {"permissions":["iam.serviceAccounts.actAs"]}
[debug] [2026-04-22T14:15:20.571Z] <<< [apiv2][status] POST https://iam.googleapis.com/v1/projects/golfgames-b3539/serviceAccounts/golfgames-b3539@appspot.gserviceaccount.com:testIamPermissions 200
[debug] [2026-04-22T14:15:20.571Z] <<< [apiv2][body] POST https://iam.googleapis.com/v1/projects/golfgames-b3539/serviceAccounts/golfgames-b3539@appspot.gserviceaccount.com:testIamPermissions {"permissions":["iam.serviceAccounts.actAs"]}
[info] 
[info] === Deploying to 'golfgames-b3539'...
[info] 
[info] i  deploying functions 
[debug] [2026-04-22T14:15:20.576Z] Checked if tokens are valid: true, expires at: 1776870919029
[debug] [2026-04-22T14:15:20.576Z] Checked if tokens are valid: true, expires at: 1776870919029
[debug] [2026-04-22T14:15:20.576Z] >>> [apiv2][query] GET https://cloudresourcemanager.googleapis.com/v1/projects/golfgames-b3539 [none]
[debug] [2026-04-22T14:15:20.669Z] <<< [apiv2][status] GET https://cloudresourcemanager.googleapis.com/v1/projects/golfgames-b3539 200
[debug] [2026-04-22T14:15:20.669Z] <<< [apiv2][body] GET https://cloudresourcemanager.googleapis.com/v1/projects/golfgames-b3539 {"projectNumber":"318574955673","projectId":"golfgames-b3539","lifecycleState":"ACTIVE","name":"golfGames","labels":{"firebase":"enabled","firebase-core":"disabled"},"createTime":"2026-04-21T18:41:04.919Z"}
[info] i  functions: preparing codebase default for deployment 
[info] i  functions: ensuring required API cloudfunctions.googleapis.com is enabled... 
[info] i  functions: ensuring required API cloudbuild.googleapis.com is enabled... 
[info] i  artifactregistry: ensuring required API artifactregistry.googleapis.com is enabled... 
[debug] [2026-04-22T14:15:20.670Z] Checked if tokens are valid: true, expires at: 1776870919029
[debug] [2026-04-22T14:15:20.670Z] Checked if tokens are valid: true, expires at: 1776870919029
[debug] [2026-04-22T14:15:20.671Z] >>> [apiv2][query] GET https://firebase.googleapis.com/v1beta1/projects/golfgames-b3539/adminSdkConfig [none]
[debug] [2026-04-22T14:15:21.016Z] <<< [apiv2][status] GET https://firebase.googleapis.com/v1beta1/projects/golfgames-b3539/adminSdkConfig 200
[debug] [2026-04-22T14:15:21.016Z] <<< [apiv2][body] GET https://firebase.googleapis.com/v1beta1/projects/golfgames-b3539/adminSdkConfig {"projectId":"golfgames-b3539","databaseURL":"https://golfgames-b3539-default-rtdb.firebaseio.com","storageBucket":"golfgames-b3539.firebasestorage.app"}
[debug] [2026-04-22T14:15:21.016Z] Checked if tokens are valid: true, expires at: 1776870919029
[debug] [2026-04-22T14:15:21.016Z] Checked if tokens are valid: true, expires at: 1776870919029
[debug] [2026-04-22T14:15:21.016Z] >>> [apiv2][query] GET https://runtimeconfig.googleapis.com/v1beta1/projects/golfgames-b3539/configs [none]
[debug] [2026-04-22T14:15:21.354Z] <<< [apiv2][status] GET https://runtimeconfig.googleapis.com/v1beta1/projects/golfgames-b3539/configs 200
[debug] [2026-04-22T14:15:21.354Z] <<< [apiv2][body] GET https://runtimeconfig.googleapis.com/v1beta1/projects/golfgames-b3539/configs {}
[debug] [2026-04-22T14:15:21.355Z] Validating nodejs source
[debug] [2026-04-22T14:15:21.985Z] > [functions] package.json contents: {
  "name": "golfgames-functions",
  "version": "1.0.0",
  "private": true,
  "main": "index.js",
  "engines": {
    "node": "22"
  },
  "scripts": {
    "serve": "firebase emulators:start --only functions,database",
    "deploy": "firebase deploy --only functions,database"
  },
  "dependencies": {
    "firebase-admin": "^13.8.0",
    "firebase-functions": "^7.2.5"
  }
}
[debug] [2026-04-22T14:15:21.986Z] Building nodejs source
[info] i  functions: Loading and analyzing source code for codebase default to determine what to deploy 
[debug] [2026-04-22T14:15:21.986Z] Could not find functions.yaml. Must use http discovery
[debug] [2026-04-22T14:15:21.994Z] Found firebase-functions binary at '/Users/danielrichard/Documents/GitHub/golfGames/functions/node_modules/.bin/firebase-functions'
[info] Serving at port 8824

[debug] [2026-04-22T14:15:22.746Z] Got response from /__/functions.yaml {"endpoints":{"createGameSession":{"availableMemoryMb":null,"timeoutSeconds":null,"minInstances":null,"maxInstances":null,"ingressSettings":null,"concurrency":null,"serviceAccountEmail":null,"vpc":null,"platform":"gcfv2","region":["us-central1"],"labels":{},"callableTrigger":{},"entryPoint":"createGameSession"},"redeemGameCode":{"availableMemoryMb":null,"timeoutSeconds":null,"minInstances":null,"maxInstances":null,"ingressSettings":null,"concurrency":null,"serviceAccountEmail":null,"vpc":null,"platform":"gcfv2","region":["us-central1"],"labels":{},"callableTrigger":{},"entryPoint":"redeemGameCode"},"getGameCodes":{"availableMemoryMb":null,"timeoutSeconds":null,"minInstances":null,"maxInstances":null,"ingressSettings":null,"concurrency":null,"serviceAccountEmail":null,"vpc":null,"platform":"gcfv2","region":["us-central1"],"labels":{},"callableTrigger":{},"entryPoint":"getGameCodes"},"cleanupOldCloudData":{"availableMemoryMb":null,"timeoutSeconds":null,"minInstances":null,"maxInstances":null,"ingressSettings":null,"concurrency":null,"serviceAccountEmail":null,"vpc":null,"platform":"gcfv2","region":["us-central1"],"labels":{},"scheduleTrigger":{"schedule":"every 6 hours","retryConfig":{},"timeZone":"Etc/UTC"},"entryPoint":"cleanupOldCloudData"}},"specVersion":"v1alpha1","requiredAPIs":[{"api":"cloudscheduler.googleapis.com","reason":"Needed for scheduled functions."}],"extensions":{}}
[info] i  extensions: ensuring required API firebaseextensions.googleapis.com is enabled... 
[debug] [2026-04-22T14:15:26.762Z] > command requires scopes: ["email","openid","https://www.googleapis.com/auth/cloudplatformprojects.readonly","https://www.googleapis.com/auth/firebase","https://www.googleapis.com/auth/cloud-platform"]
[debug] [2026-04-22T14:15:26.762Z] > authorizing via signed-in user (drichard989@gmail.com)
[debug] [2026-04-22T14:15:26.762Z] [iam] checking project golfgames-b3539 for permissions ["firebase.projects.get","firebaseextensions.instances.list"]
[debug] [2026-04-22T14:15:26.762Z] Checked if tokens are valid: true, expires at: 1776870919029
[debug] [2026-04-22T14:15:26.762Z] Checked if tokens are valid: true, expires at: 1776870919029
[debug] [2026-04-22T14:15:26.763Z] >>> [apiv2][query] POST https://cloudresourcemanager.googleapis.com/v1/projects/golfgames-b3539:testIamPermissions [none]
[debug] [2026-04-22T14:15:26.763Z] >>> [apiv2][(partial)header] POST https://cloudresourcemanager.googleapis.com/v1/projects/golfgames-b3539:testIamPermissions  x-goog-user-project=golfgames-b3539
[debug] [2026-04-22T14:15:26.763Z] >>> [apiv2][body] POST https://cloudresourcemanager.googleapis.com/v1/projects/golfgames-b3539:testIamPermissions {"permissions":["firebase.projects.get","firebaseextensions.instances.list"]}
[debug] [2026-04-22T14:15:26.920Z] <<< [apiv2][status] POST https://cloudresourcemanager.googleapis.com/v1/projects/golfgames-b3539:testIamPermissions 200
[debug] [2026-04-22T14:15:26.921Z] <<< [apiv2][body] POST https://cloudresourcemanager.googleapis.com/v1/projects/golfgames-b3539:testIamPermissions {"permissions":["firebase.projects.get","firebaseextensions.instances.list"]}
[debug] [2026-04-22T14:15:26.921Z] Checked if tokens are valid: true, expires at: 1776870919029
[debug] [2026-04-22T14:15:26.921Z] Checked if tokens are valid: true, expires at: 1776870919029
[debug] [2026-04-22T14:15:26.922Z] >>> [apiv2][query] GET https://firebaseextensions.googleapis.com/v1beta/projects/golfgames-b3539/instances pageSize=100&pageToken=
[debug] [2026-04-22T14:15:27.403Z] <<< [apiv2][status] GET https://firebaseextensions.googleapis.com/v1beta/projects/golfgames-b3539/instances 200
[debug] [2026-04-22T14:15:27.403Z] <<< [apiv2][body] GET https://firebaseextensions.googleapis.com/v1beta/projects/golfgames-b3539/instances {}
[info] i  functions: preparing functions directory for uploading... 
[info] i  functions: packaged /Users/danielrichard/Documents/GitHub/golfGames/functions (34.09 KB) for uploading 
[debug] [2026-04-22T14:15:27.434Z] Checked if tokens are valid: true, expires at: 1776870919029
[debug] [2026-04-22T14:15:27.434Z] Checked if tokens are valid: true, expires at: 1776870919029
[debug] [2026-04-22T14:15:27.435Z] >>> [apiv2][query] GET https://cloudfunctions.googleapis.com/v1/projects/golfgames-b3539/locations/-/functions [none]
[debug] [2026-04-22T14:15:28.053Z] <<< [apiv2][status] GET https://cloudfunctions.googleapis.com/v1/projects/golfgames-b3539/locations/-/functions 200
[debug] [2026-04-22T14:15:28.053Z] <<< [apiv2][body] GET https://cloudfunctions.googleapis.com/v1/projects/golfgames-b3539/locations/-/functions {}
[debug] [2026-04-22T14:15:28.054Z] Checked if tokens are valid: true, expires at: 1776870919029
[debug] [2026-04-22T14:15:28.054Z] Checked if tokens are valid: true, expires at: 1776870919029
[debug] [2026-04-22T14:15:28.054Z] >>> [apiv2][query] GET https://cloudfunctions.googleapis.com/v2/projects/golfgames-b3539/locations/-/functions filter=environment%3D%22GEN_2%22
[debug] [2026-04-22T14:15:28.750Z] <<< [apiv2][status] GET https://cloudfunctions.googleapis.com/v2/projects/golfgames-b3539/locations/-/functions 200
[debug] [2026-04-22T14:15:28.750Z] <<< [apiv2][body] GET https://cloudfunctions.googleapis.com/v2/projects/golfgames-b3539/locations/-/functions {"functions":[{"name":"projects/golfgames-b3539/locations/us-central1/functions/cleanupOldCloudData","buildConfig":{"build":"projects/318574955673/locations/us-central1/builds/e2f62264-c7ad-4ed9-ad0a-695c9148e3dc","runtime":"nodejs22","entryPoint":"cleanupOldCloudData","source":{"storageSource":{"bucket":"gcf-v2-sources-318574955673-us-central1","object":"cleanupOldCloudData/function-source.zip","generation":"1776828759576571"}},"environmentVariables":{"GOOGLE_NODE_RUN_SCRIPTS":""},"dockerRepository":"projects/golfgames-b3539/locations/us-central1/repositories/gcf-artifacts","sourceProvenance":{"resolvedStorageSource":{"bucket":"gcf-v2-sources-318574955673-us-central1","object":"cleanupOldCloudData/function-source.zip","generation":"1776828759576571"}},"dockerRegistry":"ARTIFACT_REGISTRY","serviceAccount":"projects/golfgames-b3539/serviceAccounts/318574955673-compute@developer.gserviceaccount.com","automaticUpdatePolicy":{}},"serviceConfig":{"service":"projects/golfgames-b3539/locations/us-central1/services/cleanupoldclouddata","timeoutSeconds":60,"environmentVariables":{"FIREBASE_CONFIG":"{\"projectId\":\"golfgames-b3539\",\"databaseURL\":\"https://golfgames-b3539-default-rtdb.firebaseio.com\",\"storageBucket\":\"golfgames-b3539.firebasestorage.app\"}","GCLOUD_PROJECT":"golfgames-b3539","EVENTARC_CLOUD_EVENT_SOURCE":"projects/golfgames-b3539/locations/us-central1/services/cleanupOldCloudData","FUNCTION_TARGET":"cleanupOldCloudData","LOG_EXECUTION_ID":"true","FUNCTION_SIGNATURE_TYPE":"http"},"maxInstanceCount":20,"ingressSettings":"ALLOW_ALL","uri":"https://cleanupoldclouddata-jt745jvz7q-uc.a.run.app","serviceAccountEmail":"318574955673-compute@developer.gserviceaccount.com","availableMemory":"256Mi","allTrafficOnLatestRevision":true,"revision":"cleanupoldclouddata-00003-buw","maxInstanceRequestConcurrency":80,"availableCpu":"1"},"state":"ACTIVE","updateTime":"2026-04-22T03:32:59.102184378Z","labels":{"deployment-tool":"cli-firebase","deployment-scheduled":"true","firebase-functions-hash":"d6f8485f30d5338c3485747367f47a1982dbd365"},"environment":"GEN_2","url":"https://us-central1-golfgames-b3539.cloudfunctions.net/cleanupOldCloudData","createTime":"2026-04-22T02:58:53.828542734Z","satisfiesPzi":true},{"name":"projects/golfgames-b3539/locations/us-central1/functions/createGameSession","buildConfig":{"build":"projects/318574955673/locations/us-central1/builds/e2f62264-c7ad-4ed9-ad0a-695c9148e3dc","runtime":"nodejs22","entryPoint":"createGameSession","source":{"storageSource":{"bucket":"gcf-v2-sources-318574955673-us-central1","object":"createGameSession/function-source.zip","generation":"1776828710524517"}},"environmentVariables":{"GOOGLE_NODE_RUN_SCRIPTS":""},"dockerRepository":"projects/golfgames-b3539/locations/us-central1/repositories/gcf-artifacts","sourceProvenance":{"resolvedStorageSource":{"bucket":"gcf-v2-sources-318574955673-us-central1","object":"createGameSession/function-source.zip","generation":"1776828710524517"}},"dockerRegistry":"ARTIFACT_REGISTRY","serviceAccount":"projects/golfgames-b3539/serviceAccounts/318574955673-compute@developer.gserviceaccount.com","automaticUpdatePolicy":{}},"serviceConfig":{"service":"projects/golfgames-b3539/locations/us-central1/services/creategamesession","timeoutSeconds":60,"environmentVariables":{"FIREBASE_CONFIG":"{\"projectId\":\"golfgames-b3539\",\"databaseURL\":\"https://golfgames-b3539-default-rtdb.firebaseio.com\",\"storageBucket\":\"golfgames-b3539.firebasestorage.app\"}","GCLOUD_PROJECT":"golfgames-b3539","EVENTARC_CLOUD_EVENT_SOURCE":"projects/golfgames-b3539/locations/us-central1/services/createGameSession","FUNCTION_TARGET":"createGameSession","LOG_EXECUTION_ID":"true","FUNCTION_SIGNATURE_TYPE":"http"},"maxInstanceCount":20,"ingressSettings":"ALLOW_ALL","uri":"https://creategamesession-jt745jvz7q-uc.a.run.app","serviceAccountEmail":"318574955673-compute@developer.gserviceaccount.com","availableMemory":"256Mi","allTrafficOnLatestRevision":true,"revision":"creategamesession-00005-voc","maxInstanceRequestConcurrency":80,"availableCpu":"1"},"state":"ACTIVE","updateTime":"2026-04-22T03:32:36.906123391Z","labels":{"deployment-tool":"cli-firebase","deployment-callable":"true","firebase-functions-hash":"d6f8485f30d5338c3485747367f47a1982dbd365"},"environment":"GEN_2","url":"https://us-central1-golfgames-b3539.cloudfunctions.net/createGameSession","createTime":"2026-04-22T02:34:47.320337198Z","satisfiesPzi":true},{"name":"projects/golfgames-b3539/locations/us-central1/functions/redeemGameCode","buildConfig":{"build":"projects/318574955673/locations/us-central1/builds/e2f62264-c7ad-4ed9-ad0a-695c9148e3dc","runtime":"nodejs22","entryPoint":"redeemGameCode","source":{"storageSource":{"bucket":"gcf-v2-sources-318574955673-us-central1","object":"redeemGameCode/function-source.zip","generation":"1776828759458240"}},"environmentVariables":{"GOOGLE_NODE_RUN_SCRIPTS":""},"dockerRepository":"projects/golfgames-b3539/locations/us-central1/repositories/gcf-artifacts","sourceProvenance":{"resolvedStorageSource":{"bucket":"gcf-v2-sources-318574955673-us-central1","object":"redeemGameCode/function-source.zip","generation":"1776828759458240"}},"dockerRegistry":"ARTIFACT_REGISTRY","serviceAccount":"projects/golfgames-b3539/serviceAccounts/318574955673-compute@developer.gserviceaccount.com","automaticUpdatePolicy":{}},"serviceConfig":{"service":"projects/golfgames-b3539/locations/us-central1/services/redeemgamecode","timeoutSeconds":60,"environmentVariables":{"FIREBASE_CONFIG":"{\"projectId\":\"golfgames-b3539\",\"databaseURL\":\"https://golfgames-b3539-default-rtdb.firebaseio.com\",\"storageBucket\":\"golfgames-b3539.firebasestorage.app\"}","GCLOUD_PROJECT":"golfgames-b3539","EVENTARC_CLOUD_EVENT_SOURCE":"projects/golfgames-b3539/locations/us-central1/services/redeemGameCode","FUNCTION_TARGET":"redeemGameCode","LOG_EXECUTION_ID":"true","FUNCTION_SIGNATURE_TYPE":"http"},"maxInstanceCount":20,"ingressSettings":"ALLOW_ALL","uri":"https://redeemgamecode-jt745jvz7q-uc.a.run.app","serviceAccountEmail":"318574955673-compute@developer.gserviceaccount.com","availableMemory":"256Mi","allTrafficOnLatestRevision":true,"revision":"redeemgamecode-00005-non","maxInstanceRequestConcurrency":80,"availableCpu":"1"},"state":"ACTIVE","updateTime":"2026-04-22T03:32:58.945551646Z","labels":{"deployment-callable":"true","firebase-functions-hash":"d6f8485f30d5338c3485747367f47a1982dbd365","deployment-tool":"cli-firebase"},"environment":"GEN_2","url":"https://us-central1-golfgames-b3539.cloudfunctions.net/redeemGameCode","createTime":"2026-04-22T02:35:36.080425113Z","satisfiesPzi":true}]}
[info] i  functions: ensuring required API cloudscheduler.googleapis.com is enabled... 
[info] i  functions: ensuring required API run.googleapis.com is enabled... 
[info] i  functions: ensuring required API eventarc.googleapis.com is enabled... 
[info] i  functions: ensuring required API pubsub.googleapis.com is enabled... 
[info] i  functions: ensuring required API storage.googleapis.com is enabled... 
[info] i  functions: generating the service identity for pubsub.googleapis.com... 
[debug] [2026-04-22T14:15:28.753Z] Checked if tokens are valid: true, expires at: 1776870919029
[debug] [2026-04-22T14:15:28.754Z] Checked if tokens are valid: true, expires at: 1776870919029
[info] i  functions: generating the service identity for eventarc.googleapis.com... 
[debug] [2026-04-22T14:15:28.754Z] Checked if tokens are valid: true, expires at: 1776870919029
[debug] [2026-04-22T14:15:28.754Z] Checked if tokens are valid: true, expires at: 1776870919029
[debug] [2026-04-22T14:15:28.754Z] >>> [apiv2][query] POST https://serviceusage.googleapis.com/v1beta1/projects/318574955673/services/pubsub.googleapis.com:generateServiceIdentity [none]
[debug] [2026-04-22T14:15:28.754Z] >>> [apiv2][(partial)header] POST https://serviceusage.googleapis.com/v1beta1/projects/318574955673/services/pubsub.googleapis.com:generateServiceIdentity  x-goog-user-project=318574955673
[debug] [2026-04-22T14:15:28.754Z] >>> [apiv2][body] POST https://serviceusage.googleapis.com/v1beta1/projects/318574955673/services/pubsub.googleapis.com:generateServiceIdentity {}
[debug] [2026-04-22T14:15:28.755Z] >>> [apiv2][query] POST https://serviceusage.googleapis.com/v1beta1/projects/318574955673/services/eventarc.googleapis.com:generateServiceIdentity [none]
[debug] [2026-04-22T14:15:28.755Z] >>> [apiv2][(partial)header] POST https://serviceusage.googleapis.com/v1beta1/projects/318574955673/services/eventarc.googleapis.com:generateServiceIdentity  x-goog-user-project=318574955673
[debug] [2026-04-22T14:15:28.755Z] >>> [apiv2][body] POST https://serviceusage.googleapis.com/v1beta1/projects/318574955673/services/eventarc.googleapis.com:generateServiceIdentity {}
[debug] [2026-04-22T14:15:29.314Z] <<< [apiv2][status] POST https://serviceusage.googleapis.com/v1beta1/projects/318574955673/services/eventarc.googleapis.com:generateServiceIdentity 200
[debug] [2026-04-22T14:15:29.314Z] <<< [apiv2][body] POST https://serviceusage.googleapis.com/v1beta1/projects/318574955673/services/eventarc.googleapis.com:generateServiceIdentity {"name":"operations/finished.DONE_OPERATION","done":true,"response":{"@type":"type.googleapis.com/google.api.serviceusage.v1beta1.ServiceIdentity","email":"service-318574955673@gcp-sa-eventarc.iam.gserviceaccount.com","uniqueId":"116225530735653253361"}}
[debug] [2026-04-22T14:15:29.361Z] <<< [apiv2][status] POST https://serviceusage.googleapis.com/v1beta1/projects/318574955673/services/pubsub.googleapis.com:generateServiceIdentity 200
[debug] [2026-04-22T14:15:29.361Z] <<< [apiv2][body] POST https://serviceusage.googleapis.com/v1beta1/projects/318574955673/services/pubsub.googleapis.com:generateServiceIdentity {"name":"operations/finished.DONE_OPERATION","done":true,"response":{"@type":"type.googleapis.com/google.api.serviceusage.v1beta1.ServiceIdentity","email":"service-318574955673@gcp-sa-pubsub.iam.gserviceaccount.com","uniqueId":"101378528840171941348"}}
[debug] [2026-04-22T14:15:29.363Z] Checked if tokens are valid: true, expires at: 1776870919029
[debug] [2026-04-22T14:15:29.363Z] Checked if tokens are valid: true, expires at: 1776870919029
[debug] [2026-04-22T14:15:29.363Z] >>> [apiv2][query] GET https://cloudresourcemanager.googleapis.com/v1/projects/golfgames-b3539 [none]
[debug] [2026-04-22T14:15:29.467Z] <<< [apiv2][status] GET https://cloudresourcemanager.googleapis.com/v1/projects/golfgames-b3539 200
[debug] [2026-04-22T14:15:29.467Z] <<< [apiv2][body] GET https://cloudresourcemanager.googleapis.com/v1/projects/golfgames-b3539 {"projectNumber":"318574955673","projectId":"golfgames-b3539","lifecycleState":"ACTIVE","name":"golfGames","labels":{"firebase":"enabled","firebase-core":"disabled"},"createTime":"2026-04-21T18:41:04.919Z"}
[debug] [2026-04-22T14:15:29.467Z] Checked if tokens are valid: true, expires at: 1776870919029
[debug] [2026-04-22T14:15:29.467Z] Checked if tokens are valid: true, expires at: 1776870919029
[debug] [2026-04-22T14:15:29.467Z] >>> [apiv2][query] GET https://compute.googleapis.com/compute/v1/projects/318574955673 [none]
[debug] [2026-04-22T14:15:29.727Z] <<< [apiv2][status] GET https://compute.googleapis.com/compute/v1/projects/318574955673 403
[debug] [2026-04-22T14:15:29.727Z] <<< [apiv2][body] GET https://compute.googleapis.com/compute/v1/projects/318574955673 {"error":{"code":403,"message":"Compute Engine API has not been used in project 318574955673 before or it is disabled. Enable it by visiting https://console.developers.google.com/apis/api/compute.googleapis.com/overview?project=318574955673 then retry. If you enabled this API recently, wait a few minutes for the action to propagate to our systems and retry.","errors":[{"message":"Compute Engine API has not been used in project 318574955673 before or it is disabled. Enable it by visiting https://console.developers.google.com/apis/api/compute.googleapis.com/overview?project=318574955673 then retry. If you enabled this API recently, wait a few minutes for the action to propagate to our systems and retry.","domain":"usageLimits","reason":"accessNotConfigured","extendedHelp":"https://console.developers.google.com"}],"status":"PERMISSION_DENIED","details":[{"@type":"type.googleapis.com/google.rpc.ErrorInfo","reason":"SERVICE_DISABLED","domain":"googleapis.com","metadata":{"consumer":"projects/318574955673","serviceTitle":"Compute Engine API","containerInfo":"318574955673","service":"compute.googleapis.com","activationUrl":"https://console.developers.google.com/apis/api/compute.googleapis.com/overview?project=318574955673"}},{"@type":"type.googleapis.com/google.rpc.LocalizedMessage","locale":"en-US","message":"Compute Engine API has not been used in project 318574955673 before or it is disabled. Enable it by visiting https://console.developers.google.com/apis/api/compute.googleapis.com/overview?project=318574955673 then retry. If you enabled this API recently, wait a few minutes for the action to propagate to our systems and retry."},{"@type":"type.googleapis.com/google.rpc.Help","links":[{"description":"Google developers console API activation","url":"https://console.developers.google.com/apis/api/compute.googleapis.com/overview?project=318574955673"}]}]}}
[debug] [2026-04-22T14:15:29.727Z] unable to look up default compute service account. Falling back to 318574955673-compute@developer.gserviceaccount.com. Error: {"name":"FirebaseError","children":[],"context":{"body":{"error":{"code":403,"message":"Compute Engine API has not been used in project 318574955673 before or it is disabled. Enable it by visiting https://console.developers.google.com/apis/api/compute.googleapis.com/overview?project=318574955673 then retry. If you enabled this API recently, wait a few minutes for the action to propagate to our systems and retry.","errors":[{"message":"Compute Engine API has not been used in project 318574955673 before or it is disabled. Enable it by visiting https://console.developers.google.com/apis/api/compute.googleapis.com/overview?project=318574955673 then retry. If you enabled this API recently, wait a few minutes for the action to propagate to our systems and retry.","domain":"usageLimits","reason":"accessNotConfigured","extendedHelp":"https://console.developers.google.com"}],"status":"PERMISSION_DENIED","details":[{"@type":"type.googleapis.com/google.rpc.ErrorInfo","reason":"SERVICE_DISABLED","domain":"googleapis.com","metadata":{"consumer":"projects/318574955673","serviceTitle":"Compute Engine API","containerInfo":"318574955673","service":"compute.googleapis.com","activationUrl":"https://console.developers.google.com/apis/api/compute.googleapis.com/overview?project=318574955673"}},{"@type":"type.googleapis.com/google.rpc.LocalizedMessage","locale":"en-US","message":"Compute Engine API has not been used in project 318574955673 before or it is disabled. Enable it by visiting https://console.developers.google.com/apis/api/compute.googleapis.com/overview?project=318574955673 then retry. If you enabled this API recently, wait a few minutes for the action to propagate to our systems and retry."},{"@type":"type.googleapis.com/google.rpc.Help","links":[{"description":"Google developers console API activation","url":"https://console.developers.google.com/apis/api/compute.googleapis.com/overview?project=318574955673"}]}]}},"response":{"statusCode":403}},"exit":1,"message":"Request to https://compute.googleapis.com/compute/v1/projects/318574955673 had HTTP Error: 403, Compute Engine API has not been used in project 318574955673 before or it is disabled. Enable it by visiting https://console.developers.google.com/apis/api/compute.googleapis.com/overview?project=318574955673 then retry. If you enabled this API recently, wait a few minutes for the action to propagate to our systems and retry.","status":403}
[debug] [2026-04-22T14:15:29.728Z] Checked if tokens are valid: true, expires at: 1776870919029
[debug] [2026-04-22T14:15:29.728Z] Checked if tokens are valid: true, expires at: 1776870919029
[debug] [2026-04-22T14:15:29.728Z] >>> [apiv2][query] GET https://compute.googleapis.com/compute/v1/projects/318574955673 [none]
[debug] [2026-04-22T14:15:29.858Z] <<< [apiv2][status] GET https://compute.googleapis.com/compute/v1/projects/318574955673 403
[debug] [2026-04-22T14:15:29.858Z] <<< [apiv2][body] GET https://compute.googleapis.com/compute/v1/projects/318574955673 {"error":{"code":403,"message":"Compute Engine API has not been used in project 318574955673 before or it is disabled. Enable it by visiting https://console.developers.google.com/apis/api/compute.googleapis.com/overview?project=318574955673 then retry. If you enabled this API recently, wait a few minutes for the action to propagate to our systems and retry.","errors":[{"message":"Compute Engine API has not been used in project 318574955673 before or it is disabled. Enable it by visiting https://console.developers.google.com/apis/api/compute.googleapis.com/overview?project=318574955673 then retry. If you enabled this API recently, wait a few minutes for the action to propagate to our systems and retry.","domain":"usageLimits","reason":"accessNotConfigured","extendedHelp":"https://console.developers.google.com"}],"status":"PERMISSION_DENIED","details":[{"@type":"type.googleapis.com/google.rpc.ErrorInfo","reason":"SERVICE_DISABLED","domain":"googleapis.com","metadata":{"activationUrl":"https://console.developers.google.com/apis/api/compute.googleapis.com/overview?project=318574955673","consumer":"projects/318574955673","serviceTitle":"Compute Engine API","service":"compute.googleapis.com","containerInfo":"318574955673"}},{"@type":"type.googleapis.com/google.rpc.LocalizedMessage","locale":"en-US","message":"Compute Engine API has not been used in project 318574955673 before or it is disabled. Enable it by visiting https://console.developers.google.com/apis/api/compute.googleapis.com/overview?project=318574955673 then retry. If you enabled this API recently, wait a few minutes for the action to propagate to our systems and retry."},{"@type":"type.googleapis.com/google.rpc.Help","links":[{"description":"Google developers console API activation","url":"https://console.developers.google.com/apis/api/compute.googleapis.com/overview?project=318574955673"}]}]}}
[debug] [2026-04-22T14:15:29.858Z] unable to look up default compute service account. Falling back to 318574955673-compute@developer.gserviceaccount.com. Error: {"name":"FirebaseError","children":[],"context":{"body":{"error":{"code":403,"message":"Compute Engine API has not been used in project 318574955673 before or it is disabled. Enable it by visiting https://console.developers.google.com/apis/api/compute.googleapis.com/overview?project=318574955673 then retry. If you enabled this API recently, wait a few minutes for the action to propagate to our systems and retry.","errors":[{"message":"Compute Engine API has not been used in project 318574955673 before or it is disabled. Enable it by visiting https://console.developers.google.com/apis/api/compute.googleapis.com/overview?project=318574955673 then retry. If you enabled this API recently, wait a few minutes for the action to propagate to our systems and retry.","domain":"usageLimits","reason":"accessNotConfigured","extendedHelp":"https://console.developers.google.com"}],"status":"PERMISSION_DENIED","details":[{"@type":"type.googleapis.com/google.rpc.ErrorInfo","reason":"SERVICE_DISABLED","domain":"googleapis.com","metadata":{"activationUrl":"https://console.developers.google.com/apis/api/compute.googleapis.com/overview?project=318574955673","consumer":"projects/318574955673","serviceTitle":"Compute Engine API","service":"compute.googleapis.com","containerInfo":"318574955673"}},{"@type":"type.googleapis.com/google.rpc.LocalizedMessage","locale":"en-US","message":"Compute Engine API has not been used in project 318574955673 before or it is disabled. Enable it by visiting https://console.developers.google.com/apis/api/compute.googleapis.com/overview?project=318574955673 then retry. If you enabled this API recently, wait a few minutes for the action to propagate to our systems and retry."},{"@type":"type.googleapis.com/google.rpc.Help","links":[{"description":"Google developers console API activation","url":"https://console.developers.google.com/apis/api/compute.googleapis.com/overview?project=318574955673"}]}]}},"response":{"statusCode":403}},"exit":1,"message":"Request to https://compute.googleapis.com/compute/v1/projects/318574955673 had HTTP Error: 403, Compute Engine API has not been used in project 318574955673 before or it is disabled. Enable it by visiting https://console.developers.google.com/apis/api/compute.googleapis.com/overview?project=318574955673 then retry. If you enabled this API recently, wait a few minutes for the action to propagate to our systems and retry.","status":403}
[debug] [2026-04-22T14:15:29.859Z] Checked if tokens are valid: true, expires at: 1776870919029
[debug] [2026-04-22T14:15:29.859Z] Checked if tokens are valid: true, expires at: 1776870919029
[debug] [2026-04-22T14:15:29.859Z] >>> [apiv2][query] GET https://compute.googleapis.com/compute/v1/projects/318574955673 [none]
[debug] [2026-04-22T14:15:29.990Z] <<< [apiv2][status] GET https://compute.googleapis.com/compute/v1/projects/318574955673 403
[debug] [2026-04-22T14:15:29.990Z] <<< [apiv2][body] GET https://compute.googleapis.com/compute/v1/projects/318574955673 {"error":{"code":403,"message":"Compute Engine API has not been used in project 318574955673 before or it is disabled. Enable it by visiting https://console.developers.google.com/apis/api/compute.googleapis.com/overview?project=318574955673 then retry. If you enabled this API recently, wait a few minutes for the action to propagate to our systems and retry.","errors":[{"message":"Compute Engine API has not been used in project 318574955673 before or it is disabled. Enable it by visiting https://console.developers.google.com/apis/api/compute.googleapis.com/overview?project=318574955673 then retry. If you enabled this API recently, wait a few minutes for the action to propagate to our systems and retry.","domain":"usageLimits","reason":"accessNotConfigured","extendedHelp":"https://console.developers.google.com"}],"status":"PERMISSION_DENIED","details":[{"@type":"type.googleapis.com/google.rpc.ErrorInfo","reason":"SERVICE_DISABLED","domain":"googleapis.com","metadata":{"serviceTitle":"Compute Engine API","containerInfo":"318574955673","activationUrl":"https://console.developers.google.com/apis/api/compute.googleapis.com/overview?project=318574955673","consumer":"projects/318574955673","service":"compute.googleapis.com"}},{"@type":"type.googleapis.com/google.rpc.LocalizedMessage","locale":"en-US","message":"Compute Engine API has not been used in project 318574955673 before or it is disabled. Enable it by visiting https://console.developers.google.com/apis/api/compute.googleapis.com/overview?project=318574955673 then retry. If you enabled this API recently, wait a few minutes for the action to propagate to our systems and retry."},{"@type":"type.googleapis.com/google.rpc.Help","links":[{"description":"Google developers console API activation","url":"https://console.developers.google.com/apis/api/compute.googleapis.com/overview?project=318574955673"}]}]}}
[debug] [2026-04-22T14:15:29.990Z] unable to look up default compute service account. Falling back to 318574955673-compute@developer.gserviceaccount.com. Error: {"name":"FirebaseError","children":[],"context":{"body":{"error":{"code":403,"message":"Compute Engine API has not been used in project 318574955673 before or it is disabled. Enable it by visiting https://console.developers.google.com/apis/api/compute.googleapis.com/overview?project=318574955673 then retry. If you enabled this API recently, wait a few minutes for the action to propagate to our systems and retry.","errors":[{"message":"Compute Engine API has not been used in project 318574955673 before or it is disabled. Enable it by visiting https://console.developers.google.com/apis/api/compute.googleapis.com/overview?project=318574955673 then retry. If you enabled this API recently, wait a few minutes for the action to propagate to our systems and retry.","domain":"usageLimits","reason":"accessNotConfigured","extendedHelp":"https://console.developers.google.com"}],"status":"PERMISSION_DENIED","details":[{"@type":"type.googleapis.com/google.rpc.ErrorInfo","reason":"SERVICE_DISABLED","domain":"googleapis.com","metadata":{"serviceTitle":"Compute Engine API","containerInfo":"318574955673","activationUrl":"https://console.developers.google.com/apis/api/compute.googleapis.com/overview?project=318574955673","consumer":"projects/318574955673","service":"compute.googleapis.com"}},{"@type":"type.googleapis.com/google.rpc.LocalizedMessage","locale":"en-US","message":"Compute Engine API has not been used in project 318574955673 before or it is disabled. Enable it by visiting https://console.developers.google.com/apis/api/compute.googleapis.com/overview?project=318574955673 then retry. If you enabled this API recently, wait a few minutes for the action to propagate to our systems and retry."},{"@type":"type.googleapis.com/google.rpc.Help","links":[{"description":"Google developers console API activation","url":"https://console.developers.google.com/apis/api/compute.googleapis.com/overview?project=318574955673"}]}]}},"response":{"statusCode":403}},"exit":1,"message":"Request to https://compute.googleapis.com/compute/v1/projects/318574955673 had HTTP Error: 403, Compute Engine API has not been used in project 318574955673 before or it is disabled. Enable it by visiting https://console.developers.google.com/apis/api/compute.googleapis.com/overview?project=318574955673 then retry. If you enabled this API recently, wait a few minutes for the action to propagate to our systems and retry.","status":403}
[debug] [2026-04-22T14:15:29.990Z] Checked if tokens are valid: true, expires at: 1776870919029
[debug] [2026-04-22T14:15:29.990Z] Checked if tokens are valid: true, expires at: 1776870919029
[debug] [2026-04-22T14:15:29.990Z] >>> [apiv2][query] GET https://compute.googleapis.com/compute/v1/projects/318574955673 [none]
[debug] [2026-04-22T14:15:30.087Z] <<< [apiv2][status] GET https://compute.googleapis.com/compute/v1/projects/318574955673 403
[debug] [2026-04-22T14:15:30.088Z] <<< [apiv2][body] GET https://compute.googleapis.com/compute/v1/projects/318574955673 {"error":{"code":403,"message":"Compute Engine API has not been used in project 318574955673 before or it is disabled. Enable it by visiting https://console.developers.google.com/apis/api/compute.googleapis.com/overview?project=318574955673 then retry. If you enabled this API recently, wait a few minutes for the action to propagate to our systems and retry.","errors":[{"message":"Compute Engine API has not been used in project 318574955673 before or it is disabled. Enable it by visiting https://console.developers.google.com/apis/api/compute.googleapis.com/overview?project=318574955673 then retry. If you enabled this API recently, wait a few minutes for the action to propagate to our systems and retry.","domain":"usageLimits","reason":"accessNotConfigured","extendedHelp":"https://console.developers.google.com"}],"status":"PERMISSION_DENIED","details":[{"@type":"type.googleapis.com/google.rpc.ErrorInfo","reason":"SERVICE_DISABLED","domain":"googleapis.com","metadata":{"serviceTitle":"Compute Engine API","consumer":"projects/318574955673","containerInfo":"318574955673","service":"compute.googleapis.com","activationUrl":"https://console.developers.google.com/apis/api/compute.googleapis.com/overview?project=318574955673"}},{"@type":"type.googleapis.com/google.rpc.LocalizedMessage","locale":"en-US","message":"Compute Engine API has not been used in project 318574955673 before or it is disabled. Enable it by visiting https://console.developers.google.com/apis/api/compute.googleapis.com/overview?project=318574955673 then retry. If you enabled this API recently, wait a few minutes for the action to propagate to our systems and retry."},{"@type":"type.googleapis.com/google.rpc.Help","links":[{"description":"Google developers console API activation","url":"https://console.developers.google.com/apis/api/compute.googleapis.com/overview?project=318574955673"}]}]}}
[debug] [2026-04-22T14:15:30.088Z] unable to look up default compute service account. Falling back to 318574955673-compute@developer.gserviceaccount.com. Error: {"name":"FirebaseError","children":[],"context":{"body":{"error":{"code":403,"message":"Compute Engine API has not been used in project 318574955673 before or it is disabled. Enable it by visiting https://console.developers.google.com/apis/api/compute.googleapis.com/overview?project=318574955673 then retry. If you enabled this API recently, wait a few minutes for the action to propagate to our systems and retry.","errors":[{"message":"Compute Engine API has not been used in project 318574955673 before or it is disabled. Enable it by visiting https://console.developers.google.com/apis/api/compute.googleapis.com/overview?project=318574955673 then retry. If you enabled this API recently, wait a few minutes for the action to propagate to our systems and retry.","domain":"usageLimits","reason":"accessNotConfigured","extendedHelp":"https://console.developers.google.com"}],"status":"PERMISSION_DENIED","details":[{"@type":"type.googleapis.com/google.rpc.ErrorInfo","reason":"SERVICE_DISABLED","domain":"googleapis.com","metadata":{"serviceTitle":"Compute Engine API","consumer":"projects/318574955673","containerInfo":"318574955673","service":"compute.googleapis.com","activationUrl":"https://console.developers.google.com/apis/api/compute.googleapis.com/overview?project=318574955673"}},{"@type":"type.googleapis.com/google.rpc.LocalizedMessage","locale":"en-US","message":"Compute Engine API has not been used in project 318574955673 before or it is disabled. Enable it by visiting https://console.developers.google.com/apis/api/compute.googleapis.com/overview?project=318574955673 then retry. If you enabled this API recently, wait a few minutes for the action to propagate to our systems and retry."},{"@type":"type.googleapis.com/google.rpc.Help","links":[{"description":"Google developers console API activation","url":"https://console.developers.google.com/apis/api/compute.googleapis.com/overview?project=318574955673"}]}]}},"response":{"statusCode":403}},"exit":1,"message":"Request to https://compute.googleapis.com/compute/v1/projects/318574955673 had HTTP Error: 403, Compute Engine API has not been used in project 318574955673 before or it is disabled. Enable it by visiting https://console.developers.google.com/apis/api/compute.googleapis.com/overview?project=318574955673 then retry. If you enabled this API recently, wait a few minutes for the action to propagate to our systems and retry.","status":403}
[debug] [2026-04-22T14:15:30.089Z] Checked if tokens are valid: true, expires at: 1776870919029
[debug] [2026-04-22T14:15:30.089Z] Checked if tokens are valid: true, expires at: 1776870919029
[debug] [2026-04-22T14:15:30.089Z] >>> [apiv2][query] GET https://cloudbilling.googleapis.com/v1/projects/golfgames-b3539/billingInfo [none]
[debug] [2026-04-22T14:15:30.335Z] <<< [apiv2][status] GET https://cloudbilling.googleapis.com/v1/projects/golfgames-b3539/billingInfo 200
[debug] [2026-04-22T14:15:30.335Z] <<< [apiv2][body] GET https://cloudbilling.googleapis.com/v1/projects/golfgames-b3539/billingInfo {"name":"projects/golfgames-b3539/billingInfo","projectId":"golfgames-b3539","billingAccountName":"billingAccounts/01181A-078402-630664","billingEnabled":true}
[debug] [2026-04-22T14:15:30.337Z] Checked if tokens are valid: true, expires at: 1776870919029
[debug] [2026-04-22T14:15:30.338Z] Checked if tokens are valid: true, expires at: 1776870919029
[debug] [2026-04-22T14:15:30.338Z] >>> [apiv2][query] POST https://cloudfunctions.googleapis.com/v2/projects/golfgames-b3539/locations/us-central1/functions:generateUploadUrl [none]
[debug] [2026-04-22T14:15:30.573Z] <<< [apiv2][status] POST https://cloudfunctions.googleapis.com/v2/projects/golfgames-b3539/locations/us-central1/functions:generateUploadUrl 200
[debug] [2026-04-22T14:15:30.573Z] <<< [apiv2][body] POST https://cloudfunctions.googleapis.com/v2/projects/golfgames-b3539/locations/us-central1/functions:generateUploadUrl {"uploadUrl":"https://storage.googleapis.com/gcf-v2-uploads-318574955673.us-central1.cloudfunctions.appspot.com/a2bbd5ee-defb-4e8c-8e61-5781265f1bf9.zip?GoogleAccessId=service-318574955673@gcf-admin-robot.iam.gserviceaccount.com&Expires=1776869130&Signature=HhYBYiF6LPp0FPk8mu93Bzt1HSqbodry12sfdteZA0I3QEaAOZNm8h80l0VxfQCt0vNs8raXkVc2205TYdVxnoH4b6JjXiLvIuLg4QOsvj%2FODjq8zgX2Hik914hR8jfOZnCIRzqk5ixzRw5PXamNbN7AE3kYD8AQJUWHKXJwZZijlDQMMN1povBJ0uxqK2TTjF%2Bqkv84jyn9LmwqexfVbQpLaha0PkGrpc78q3VTtdGHX7se3aMXbhh89Zg%2B9GHG4LwTCwEX8u5kwCSe1UCA9JWGw85dGBxKYheFzQKghf7OeivsVFccFg%2FDtclLyHJDgC27W4mjwqRcEQpQdK0Ndw%3D%3D","storageSource":{"bucket":"gcf-v2-uploads-318574955673.us-central1.cloudfunctions.appspot.com","object":"a2bbd5ee-defb-4e8c-8e61-5781265f1bf9.zip"}}
[debug] [2026-04-22T14:15:30.574Z] >>> [apiv2][query] PUT https://storage.googleapis.com/gcf-v2-uploads-318574955673.us-central1.cloudfunctions.appspot.com/a2bbd5ee-defb-4e8c-8e61-5781265f1bf9.zip GoogleAccessId=service-318574955673%40gcf-admin-robot.iam.gserviceaccount.com&Expires=1776869130&Signature=HhYBYiF6LPp0FPk8mu93Bzt1HSqbodry12sfdteZA0I3QEaAOZNm8h80l0VxfQCt0vNs8raXkVc2205TYdVxnoH4b6JjXiLvIuLg4QOsvj%2FODjq8zgX2Hik914hR8jfOZnCIRzqk5ixzRw5PXamNbN7AE3kYD8AQJUWHKXJwZZijlDQMMN1povBJ0uxqK2TTjF%2Bqkv84jyn9LmwqexfVbQpLaha0PkGrpc78q3VTtdGHX7se3aMXbhh89Zg%2B9GHG4LwTCwEX8u5kwCSe1UCA9JWGw85dGBxKYheFzQKghf7OeivsVFccFg%2FDtclLyHJDgC27W4mjwqRcEQpQdK0Ndw%3D%3D
[debug] [2026-04-22T14:15:30.574Z] >>> [apiv2][body] PUT https://storage.googleapis.com/gcf-v2-uploads-318574955673.us-central1.cloudfunctions.appspot.com/a2bbd5ee-defb-4e8c-8e61-5781265f1bf9.zip [stream]
[debug] [2026-04-22T14:15:30.961Z] <<< [apiv2][status] PUT https://storage.googleapis.com/gcf-v2-uploads-318574955673.us-central1.cloudfunctions.appspot.com/a2bbd5ee-defb-4e8c-8e61-5781265f1bf9.zip 200
[debug] [2026-04-22T14:15:30.961Z] <<< [apiv2][body] PUT https://storage.googleapis.com/gcf-v2-uploads-318574955673.us-central1.cloudfunctions.appspot.com/a2bbd5ee-defb-4e8c-8e61-5781265f1bf9.zip [omitted]
[info] ✔  functions: functions source uploaded successfully 
[info] i  functions: creating Node.js 22 (2nd Gen) function getGameCodes(us-central1)... 
[info] i  functions: updating Node.js 22 (2nd Gen) function createGameSession(us-central1)... 
[info] i  functions: updating Node.js 22 (2nd Gen) function redeemGameCode(us-central1)... 
[info] i  functions: updating Node.js 22 (2nd Gen) function cleanupOldCloudData(us-central1)... 
[debug] [2026-04-22T14:15:30.965Z] Checked if tokens are valid: true, expires at: 1776870919029
[debug] [2026-04-22T14:15:30.965Z] Checked if tokens are valid: true, expires at: 1776870919029
[debug] [2026-04-22T14:15:30.965Z] >>> [apiv2][query] POST https://cloudfunctions.googleapis.com/v2/projects/golfgames-b3539/locations/us-central1/functions functionId=getGameCodes
[debug] [2026-04-22T14:15:30.965Z] >>> [apiv2][body] POST https://cloudfunctions.googleapis.com/v2/projects/golfgames-b3539/locations/us-central1/functions {"name":"projects/golfgames-b3539/locations/us-central1/functions/getGameCodes","buildConfig":{"runtime":"nodejs22","entryPoint":"getGameCodes","source":{"storageSource":{"bucket":"gcf-v2-uploads-318574955673.us-central1.cloudfunctions.appspot.com","object":"a2bbd5ee-defb-4e8c-8e61-5781265f1bf9.zip"}},"environmentVariables":{"GOOGLE_NODE_RUN_SCRIPTS":""}},"serviceConfig":{"environmentVariables":{"FIREBASE_CONFIG":"{\"projectId\":\"golfgames-b3539\",\"databaseURL\":\"https://golfgames-b3539-default-rtdb.firebaseio.com\",\"storageBucket\":\"golfgames-b3539.firebasestorage.app\"}","GCLOUD_PROJECT":"golfgames-b3539","EVENTARC_CLOUD_EVENT_SOURCE":"projects/golfgames-b3539/locations/us-central1/services/getGameCodes","FUNCTION_TARGET":"getGameCodes","LOG_EXECUTION_ID":"true"},"ingressSettings":null,"timeoutSeconds":null,"serviceAccountEmail":null,"availableMemory":"256Mi","minInstanceCount":null,"maxInstanceCount":null,"maxInstanceRequestConcurrency":80,"availableCpu":"1","vpcConnector":null,"vpcConnectorEgressSettings":null,"directVpcNetworkInterface":null,"directVpcEgress":null},"labels":{"deployment-tool":"cli-firebase","deployment-callable":"true","firebase-functions-hash":"50077629927c0010a998143b23028f04b29ec7a3"}}
[debug] [2026-04-22T14:15:31.868Z] <<< [apiv2][status] POST https://cloudfunctions.googleapis.com/v2/projects/golfgames-b3539/locations/us-central1/functions 200
[debug] [2026-04-22T14:15:31.869Z] <<< [apiv2][body] POST https://cloudfunctions.googleapis.com/v2/projects/golfgames-b3539/locations/us-central1/functions {"name":"projects/golfgames-b3539/locations/us-central1/operations/operation-1776867331344-6500d2a1908cf-96451e8c-187b9061","metadata":{"@type":"type.googleapis.com/google.cloud.functions.v2.OperationMetadata","createTime":"2026-04-22T14:15:31.940584299Z","target":"projects/golfgames-b3539/locations/us-central1/functions/getGameCodes","verb":"create","cancelRequested":false,"apiVersion":"v2"},"done":false}
[debug] [2026-04-22T14:15:31.869Z] Checked if tokens are valid: true, expires at: 1776870919029
[debug] [2026-04-22T14:15:31.870Z] Checked if tokens are valid: true, expires at: 1776870919029
[debug] [2026-04-22T14:15:31.870Z] >>> [apiv2][query] GET https://cloudfunctions.googleapis.com/v2/projects/golfgames-b3539/locations/us-central1/operations/operation-1776867331344-6500d2a1908cf-96451e8c-187b9061 [none]
[debug] [2026-04-22T14:15:32.157Z] <<< [apiv2][status] GET https://cloudfunctions.googleapis.com/v2/projects/golfgames-b3539/locations/us-central1/operations/operation-1776867331344-6500d2a1908cf-96451e8c-187b9061 200
[debug] [2026-04-22T14:15:32.158Z] <<< [apiv2][body] GET https://cloudfunctions.googleapis.com/v2/projects/golfgames-b3539/locations/us-central1/operations/operation-1776867331344-6500d2a1908cf-96451e8c-187b9061 {"name":"projects/golfgames-b3539/locations/us-central1/operations/operation-1776867331344-6500d2a1908cf-96451e8c-187b9061","metadata":{"@type":"type.googleapis.com/google.cloud.functions.v2.OperationMetadata","createTime":"2026-04-22T14:15:31.940584299Z","target":"projects/golfgames-b3539/locations/us-central1/functions/getGameCodes","verb":"create","cancelRequested":false,"apiVersion":"v2","requestResource":{"@type":"type.googleapis.com/google.cloud.functions.v2.Function","name":"projects/golfgames-b3539/locations/us-central1/functions/getGameCodes","buildConfig":{"runtime":"nodejs22","entryPoint":"getGameCodes","source":{"storageSource":{"bucket":"gcf-v2-sources-318574955673-us-central1","object":"getGameCodes/function-source.zip","generation":"1776867331626182"}},"environmentVariables":{"GOOGLE_NODE_RUN_SCRIPTS":""},"serviceAccount":"projects/golfgames-b3539/serviceAccounts/318574955673-compute@developer.gserviceaccount.com","automaticUpdatePolicy":{}},"serviceConfig":{"service":"projects/golfgames-b3539/locations/us-central1/services/getgamecodes","timeoutSeconds":60,"environmentVariables":{"FIREBASE_CONFIG":"{\"projectId\":\"golfgames-b3539\",\"databaseURL\":\"https://golfgames-b3539-default-rtdb.firebaseio.com\",\"storageBucket\":\"golfgames-b3539.firebasestorage.app\"}","GCLOUD_PROJECT":"golfgames-b3539","EVENTARC_CLOUD_EVENT_SOURCE":"projects/golfgames-b3539/locations/us-central1/services/getGameCodes","FUNCTION_TARGET":"getGameCodes","LOG_EXECUTION_ID":"true"},"ingressSettings":"ALLOW_ALL","serviceAccountEmail":"318574955673-compute@developer.gserviceaccount.com","availableMemory":"256Mi","maxInstanceRequestConcurrency":80,"availableCpu":"1"},"labels":{"deployment-tool":"cli-firebase","deployment-callable":"true","firebase-functions-hash":"50077629927c0010a998143b23028f04b29ec7a3"},"environment":"GEN_2"},"stages":[{"name":"BUILD","state":"NOT_STARTED"},{"name":"SERVICE","state":"NOT_STARTED"}],"operationType":"CREATE_FUNCTION"},"done":false}
[debug] [2026-04-22T14:15:32.660Z] [create-default-us-central1-getGameCodes] Retrying task index 0
[debug] [2026-04-22T14:15:32.662Z] Checked if tokens are valid: true, expires at: 1776870919029
[debug] [2026-04-22T14:15:32.662Z] Checked if tokens are valid: true, expires at: 1776870919029
[debug] [2026-04-22T14:15:32.662Z] >>> [apiv2][query] GET https://cloudfunctions.googleapis.com/v2/projects/golfgames-b3539/locations/us-central1/operations/operation-1776867331344-6500d2a1908cf-96451e8c-187b9061 [none]
[debug] [2026-04-22T14:15:32.787Z] <<< [apiv2][status] GET https://cloudfunctions.googleapis.com/v2/projects/golfgames-b3539/locations/us-central1/operations/operation-1776867331344-6500d2a1908cf-96451e8c-187b9061 200
[debug] [2026-04-22T14:15:32.787Z] <<< [apiv2][body] GET https://cloudfunctions.googleapis.com/v2/projects/golfgames-b3539/locations/us-central1/operations/operation-1776867331344-6500d2a1908cf-96451e8c-187b9061 {"name":"projects/golfgames-b3539/locations/us-central1/operations/operation-1776867331344-6500d2a1908cf-96451e8c-187b9061","metadata":{"@type":"type.googleapis.com/google.cloud.functions.v2.OperationMetadata","createTime":"2026-04-22T14:15:31.940584299Z","target":"projects/golfgames-b3539/locations/us-central1/functions/getGameCodes","verb":"create","cancelRequested":false,"apiVersion":"v2","requestResource":{"@type":"type.googleapis.com/google.cloud.functions.v2.Function","name":"projects/golfgames-b3539/locations/us-central1/functions/getGameCodes","buildConfig":{"runtime":"nodejs22","entryPoint":"getGameCodes","source":{"storageSource":{"bucket":"gcf-v2-sources-318574955673-us-central1","object":"getGameCodes/function-source.zip","generation":"1776867331626182"}},"environmentVariables":{"GOOGLE_NODE_RUN_SCRIPTS":""},"serviceAccount":"projects/golfgames-b3539/serviceAccounts/318574955673-compute@developer.gserviceaccount.com","automaticUpdatePolicy":{}},"serviceConfig":{"service":"projects/golfgames-b3539/locations/us-central1/services/getgamecodes","timeoutSeconds":60,"environmentVariables":{"FIREBASE_CONFIG":"{\"projectId\":\"golfgames-b3539\",\"databaseURL\":\"https://golfgames-b3539-default-rtdb.firebaseio.com\",\"storageBucket\":\"golfgames-b3539.firebasestorage.app\"}","GCLOUD_PROJECT":"golfgames-b3539","EVENTARC_CLOUD_EVENT_SOURCE":"projects/golfgames-b3539/locations/us-central1/services/getGameCodes","FUNCTION_TARGET":"getGameCodes","LOG_EXECUTION_ID":"true"},"ingressSettings":"ALLOW_ALL","serviceAccountEmail":"318574955673-compute@developer.gserviceaccount.com","availableMemory":"256Mi","maxInstanceRequestConcurrency":80,"availableCpu":"1"},"labels":{"deployment-tool":"cli-firebase","deployment-callable":"true","firebase-functions-hash":"50077629927c0010a998143b23028f04b29ec7a3"},"environment":"GEN_2"},"stages":[{"name":"BUILD","message":"Creating build","state":"IN_PROGRESS","resource":"projects/318574955673/locations/us-central1/builds/96ac0a38-2374-4f66-90e3-c45a53ab3f5d","resourceUri":"https://console.cloud.google.com/cloud-build/builds;region=us-central1/96ac0a38-2374-4f66-90e3-c45a53ab3f5d?project=318574955673"},{"name":"SERVICE","state":"NOT_STARTED"}],"operationType":"CREATE_FUNCTION","buildName":"projects/318574955673/locations/us-central1/builds/96ac0a38-2374-4f66-90e3-c45a53ab3f5d"},"done":false}
[debug] [2026-04-22T14:15:33.788Z] [create-default-us-central1-getGameCodes] Retrying task index 0
[debug] [2026-04-22T14:15:33.789Z] Checked if tokens are valid: true, expires at: 1776870919029
[debug] [2026-04-22T14:15:33.789Z] Checked if tokens are valid: true, expires at: 1776870919029
[debug] [2026-04-22T14:15:33.790Z] >>> [apiv2][query] GET https://cloudfunctions.googleapis.com/v2/projects/golfgames-b3539/locations/us-central1/operations/operation-1776867331344-6500d2a1908cf-96451e8c-187b9061 [none]
[debug] [2026-04-22T14:15:33.911Z] <<< [apiv2][status] GET https://cloudfunctions.googleapis.com/v2/projects/golfgames-b3539/locations/us-central1/operations/operation-1776867331344-6500d2a1908cf-96451e8c-187b9061 200
[debug] [2026-04-22T14:15:33.912Z] <<< [apiv2][body] GET https://cloudfunctions.googleapis.com/v2/projects/golfgames-b3539/locations/us-central1/operations/operation-1776867331344-6500d2a1908cf-96451e8c-187b9061 {"name":"projects/golfgames-b3539/locations/us-central1/operations/operation-1776867331344-6500d2a1908cf-96451e8c-187b9061","metadata":{"@type":"type.googleapis.com/google.cloud.functions.v2.OperationMetadata","createTime":"2026-04-22T14:15:31.940584299Z","target":"projects/golfgames-b3539/locations/us-central1/functions/getGameCodes","verb":"create","cancelRequested":false,"apiVersion":"v2","requestResource":{"@type":"type.googleapis.com/google.cloud.functions.v2.Function","name":"projects/golfgames-b3539/locations/us-central1/functions/getGameCodes","buildConfig":{"runtime":"nodejs22","entryPoint":"getGameCodes","source":{"storageSource":{"bucket":"gcf-v2-sources-318574955673-us-central1","object":"getGameCodes/function-source.zip","generation":"1776867331626182"}},"environmentVariables":{"GOOGLE_NODE_RUN_SCRIPTS":""},"serviceAccount":"projects/golfgames-b3539/serviceAccounts/318574955673-compute@developer.gserviceaccount.com","automaticUpdatePolicy":{}},"serviceConfig":{"service":"projects/golfgames-b3539/locations/us-central1/services/getgamecodes","timeoutSeconds":60,"environmentVariables":{"FIREBASE_CONFIG":"{\"projectId\":\"golfgames-b3539\",\"databaseURL\":\"https://golfgames-b3539-default-rtdb.firebaseio.com\",\"storageBucket\":\"golfgames-b3539.firebasestorage.app\"}","GCLOUD_PROJECT":"golfgames-b3539","EVENTARC_CLOUD_EVENT_SOURCE":"projects/golfgames-b3539/locations/us-central1/services/getGameCodes","FUNCTION_TARGET":"getGameCodes","LOG_EXECUTION_ID":"true"},"ingressSettings":"ALLOW_ALL","serviceAccountEmail":"318574955673-compute@developer.gserviceaccount.com","availableMemory":"256Mi","maxInstanceRequestConcurrency":80,"availableCpu":"1"},"labels":{"deployment-tool":"cli-firebase","deployment-callable":"true","firebase-functions-hash":"50077629927c0010a998143b23028f04b29ec7a3"},"environment":"GEN_2"},"stages":[{"name":"BUILD","message":"Build in progress","state":"IN_PROGRESS","resource":"projects/318574955673/locations/us-central1/builds/96ac0a38-2374-4f66-90e3-c45a53ab3f5d","resourceUri":"https://console.cloud.google.com/cloud-build/builds;region=us-central1/96ac0a38-2374-4f66-90e3-c45a53ab3f5d?project=318574955673"},{"name":"SERVICE","state":"NOT_STARTED"}],"operationType":"CREATE_FUNCTION","buildName":"projects/318574955673/locations/us-central1/builds/96ac0a38-2374-4f66-90e3-c45a53ab3f5d"},"done":false}
[debug] [2026-04-22T14:15:35.913Z] [create-default-us-central1-getGameCodes] Retrying task index 0
[debug] [2026-04-22T14:15:35.913Z] Checked if tokens are valid: true, expires at: 1776870919029
[debug] [2026-04-22T14:15:35.913Z] Checked if tokens are valid: true, expires at: 1776870919029
[debug] [2026-04-22T14:15:35.913Z] >>> [apiv2][query] GET https://cloudfunctions.googleapis.com/v2/projects/golfgames-b3539/locations/us-central1/operations/operation-1776867331344-6500d2a1908cf-96451e8c-187b9061 [none]
[debug] [2026-04-22T14:15:36.013Z] <<< [apiv2][status] GET https://cloudfunctions.googleapis.com/v2/projects/golfgames-b3539/locations/us-central1/operations/operation-1776867331344-6500d2a1908cf-96451e8c-187b9061 200
[debug] [2026-04-22T14:15:36.013Z] <<< [apiv2][body] GET https://cloudfunctions.googleapis.com/v2/projects/golfgames-b3539/locations/us-central1/operations/operation-1776867331344-6500d2a1908cf-96451e8c-187b9061 {"name":"projects/golfgames-b3539/locations/us-central1/operations/operation-1776867331344-6500d2a1908cf-96451e8c-187b9061","metadata":{"@type":"type.googleapis.com/google.cloud.functions.v2.OperationMetadata","createTime":"2026-04-22T14:15:31.940584299Z","target":"projects/golfgames-b3539/locations/us-central1/functions/getGameCodes","verb":"create","cancelRequested":false,"apiVersion":"v2","requestResource":{"@type":"type.googleapis.com/google.cloud.functions.v2.Function","name":"projects/golfgames-b3539/locations/us-central1/functions/getGameCodes","buildConfig":{"runtime":"nodejs22","entryPoint":"getGameCodes","source":{"storageSource":{"bucket":"gcf-v2-sources-318574955673-us-central1","object":"getGameCodes/function-source.zip","generation":"1776867331626182"}},"environmentVariables":{"GOOGLE_NODE_RUN_SCRIPTS":""},"serviceAccount":"projects/golfgames-b3539/serviceAccounts/318574955673-compute@developer.gserviceaccount.com","automaticUpdatePolicy":{}},"serviceConfig":{"service":"projects/golfgames-b3539/locations/us-central1/services/getgamecodes","timeoutSeconds":60,"environmentVariables":{"FIREBASE_CONFIG":"{\"projectId\":\"golfgames-b3539\",\"databaseURL\":\"https://golfgames-b3539-default-rtdb.firebaseio.com\",\"storageBucket\":\"golfgames-b3539.firebasestorage.app\"}","GCLOUD_PROJECT":"golfgames-b3539","EVENTARC_CLOUD_EVENT_SOURCE":"projects/golfgames-b3539/locations/us-central1/services/getGameCodes","FUNCTION_TARGET":"getGameCodes","LOG_EXECUTION_ID":"true"},"ingressSettings":"ALLOW_ALL","serviceAccountEmail":"318574955673-compute@developer.gserviceaccount.com","availableMemory":"256Mi","maxInstanceRequestConcurrency":80,"availableCpu":"1"},"labels":{"deployment-tool":"cli-firebase","deployment-callable":"true","firebase-functions-hash":"50077629927c0010a998143b23028f04b29ec7a3"},"environment":"GEN_2"},"stages":[{"name":"BUILD","message":"Build in progress","state":"IN_PROGRESS","resource":"projects/318574955673/locations/us-central1/builds/96ac0a38-2374-4f66-90e3-c45a53ab3f5d","resourceUri":"https://console.cloud.google.com/cloud-build/builds;region=us-central1/96ac0a38-2374-4f66-90e3-c45a53ab3f5d?project=318574955673"},{"name":"SERVICE","state":"NOT_STARTED"}],"operationType":"CREATE_FUNCTION","buildName":"projects/318574955673/locations/us-central1/builds/96ac0a38-2374-4f66-90e3-c45a53ab3f5d"},"done":false}
[debug] [2026-04-22T14:15:40.015Z] [create-default-us-central1-getGameCodes] Retrying task index 0
[debug] [2026-04-22T14:15:40.018Z] Checked if tokens are valid: true, expires at: 1776870919029
[debug] [2026-04-22T14:15:40.019Z] Checked if tokens are valid: true, expires at: 1776870919029
[debug] [2026-04-22T14:15:40.019Z] >>> [apiv2][query] GET https://cloudfunctions.googleapis.com/v2/projects/golfgames-b3539/locations/us-central1/operations/operation-1776867331344-6500d2a1908cf-96451e8c-187b9061 [none]
[debug] [2026-04-22T14:15:40.321Z] <<< [apiv2][status] GET https://cloudfunctions.googleapis.com/v2/projects/golfgames-b3539/locations/us-central1/operations/operation-1776867331344-6500d2a1908cf-96451e8c-187b9061 200
[debug] [2026-04-22T14:15:40.321Z] <<< [apiv2][body] GET https://cloudfunctions.googleapis.com/v2/projects/golfgames-b3539/locations/us-central1/operations/operation-1776867331344-6500d2a1908cf-96451e8c-187b9061 {"name":"projects/golfgames-b3539/locations/us-central1/operations/operation-1776867331344-6500d2a1908cf-96451e8c-187b9061","metadata":{"@type":"type.googleapis.com/google.cloud.functions.v2.OperationMetadata","createTime":"2026-04-22T14:15:31.940584299Z","target":"projects/golfgames-b3539/locations/us-central1/functions/getGameCodes","verb":"create","cancelRequested":false,"apiVersion":"v2","requestResource":{"@type":"type.googleapis.com/google.cloud.functions.v2.Function","name":"projects/golfgames-b3539/locations/us-central1/functions/getGameCodes","buildConfig":{"runtime":"nodejs22","entryPoint":"getGameCodes","source":{"storageSource":{"bucket":"gcf-v2-sources-318574955673-us-central1","object":"getGameCodes/function-source.zip","generation":"1776867331626182"}},"environmentVariables":{"GOOGLE_NODE_RUN_SCRIPTS":""},"serviceAccount":"projects/golfgames-b3539/serviceAccounts/318574955673-compute@developer.gserviceaccount.com","automaticUpdatePolicy":{}},"serviceConfig":{"service":"projects/golfgames-b3539/locations/us-central1/services/getgamecodes","timeoutSeconds":60,"environmentVariables":{"FIREBASE_CONFIG":"{\"projectId\":\"golfgames-b3539\",\"databaseURL\":\"https://golfgames-b3539-default-rtdb.firebaseio.com\",\"storageBucket\":\"golfgames-b3539.firebasestorage.app\"}","GCLOUD_PROJECT":"golfgames-b3539","EVENTARC_CLOUD_EVENT_SOURCE":"projects/golfgames-b3539/locations/us-central1/services/getGameCodes","FUNCTION_TARGET":"getGameCodes","LOG_EXECUTION_ID":"true"},"ingressSettings":"ALLOW_ALL","serviceAccountEmail":"318574955673-compute@developer.gserviceaccount.com","availableMemory":"256Mi","maxInstanceRequestConcurrency":80,"availableCpu":"1"},"labels":{"deployment-tool":"cli-firebase","deployment-callable":"true","firebase-functions-hash":"50077629927c0010a998143b23028f04b29ec7a3"},"environment":"GEN_2"},"stages":[{"name":"BUILD","message":"Build in progress","state":"IN_PROGRESS","resource":"projects/318574955673/locations/us-central1/builds/96ac0a38-2374-4f66-90e3-c45a53ab3f5d","resourceUri":"https://console.cloud.google.com/cloud-build/builds;region=us-central1/96ac0a38-2374-4f66-90e3-c45a53ab3f5d?project=318574955673"},{"name":"SERVICE","state":"NOT_STARTED"}],"operationType":"CREATE_FUNCTION","buildName":"projects/318574955673/locations/us-central1/builds/96ac0a38-2374-4f66-90e3-c45a53ab3f5d"},"done":false}
[debug] [2026-04-22T14:15:48.323Z] [create-default-us-central1-getGameCodes] Retrying task index 0
[debug] [2026-04-22T14:15:48.323Z] Checked if tokens are valid: true, expires at: 1776870919029
[debug] [2026-04-22T14:15:48.323Z] Checked if tokens are valid: true, expires at: 1776870919029
[debug] [2026-04-22T14:15:48.324Z] >>> [apiv2][query] GET https://cloudfunctions.googleapis.com/v2/projects/golfgames-b3539/locations/us-central1/operations/operation-1776867331344-6500d2a1908cf-96451e8c-187b9061 [none]
[debug] [2026-04-22T14:15:48.705Z] <<< [apiv2][status] GET https://cloudfunctions.googleapis.com/v2/projects/golfgames-b3539/locations/us-central1/operations/operation-1776867331344-6500d2a1908cf-96451e8c-187b9061 200
[debug] [2026-04-22T14:15:48.705Z] <<< [apiv2][body] GET https://cloudfunctions.googleapis.com/v2/projects/golfgames-b3539/locations/us-central1/operations/operation-1776867331344-6500d2a1908cf-96451e8c-187b9061 {"name":"projects/golfgames-b3539/locations/us-central1/operations/operation-1776867331344-6500d2a1908cf-96451e8c-187b9061","metadata":{"@type":"type.googleapis.com/google.cloud.functions.v2.OperationMetadata","createTime":"2026-04-22T14:15:31.940584299Z","target":"projects/golfgames-b3539/locations/us-central1/functions/getGameCodes","verb":"create","cancelRequested":false,"apiVersion":"v2","requestResource":{"@type":"type.googleapis.com/google.cloud.functions.v2.Function","name":"projects/golfgames-b3539/locations/us-central1/functions/getGameCodes","buildConfig":{"runtime":"nodejs22","entryPoint":"getGameCodes","source":{"storageSource":{"bucket":"gcf-v2-sources-318574955673-us-central1","object":"getGameCodes/function-source.zip","generation":"1776867331626182"}},"environmentVariables":{"GOOGLE_NODE_RUN_SCRIPTS":""},"serviceAccount":"projects/golfgames-b3539/serviceAccounts/318574955673-compute@developer.gserviceaccount.com","automaticUpdatePolicy":{}},"serviceConfig":{"service":"projects/golfgames-b3539/locations/us-central1/services/getgamecodes","timeoutSeconds":60,"environmentVariables":{"FIREBASE_CONFIG":"{\"projectId\":\"golfgames-b3539\",\"databaseURL\":\"https://golfgames-b3539-default-rtdb.firebaseio.com\",\"storageBucket\":\"golfgames-b3539.firebasestorage.app\"}","GCLOUD_PROJECT":"golfgames-b3539","EVENTARC_CLOUD_EVENT_SOURCE":"projects/golfgames-b3539/locations/us-central1/services/getGameCodes","FUNCTION_TARGET":"getGameCodes","LOG_EXECUTION_ID":"true"},"ingressSettings":"ALLOW_ALL","serviceAccountEmail":"318574955673-compute@developer.gserviceaccount.com","availableMemory":"256Mi","maxInstanceRequestConcurrency":80,"availableCpu":"1"},"labels":{"deployment-tool":"cli-firebase","deployment-callable":"true","firebase-functions-hash":"50077629927c0010a998143b23028f04b29ec7a3"},"environment":"GEN_2"},"stages":[{"name":"BUILD","message":"Build in progress","state":"IN_PROGRESS","resource":"projects/318574955673/locations/us-central1/builds/96ac0a38-2374-4f66-90e3-c45a53ab3f5d","resourceUri":"https://console.cloud.google.com/cloud-build/builds;region=us-central1/96ac0a38-2374-4f66-90e3-c45a53ab3f5d?project=318574955673"},{"name":"SERVICE","state":"NOT_STARTED"}],"operationType":"CREATE_FUNCTION","buildName":"projects/318574955673/locations/us-central1/builds/96ac0a38-2374-4f66-90e3-c45a53ab3f5d"},"done":false}
[debug] [2026-04-22T14:15:58.707Z] [create-default-us-central1-getGameCodes] Retrying task index 0
[debug] [2026-04-22T14:15:58.707Z] Checked if tokens are valid: true, expires at: 1776870919029
[debug] [2026-04-22T14:15:58.707Z] Checked if tokens are valid: true, expires at: 1776870919029
[debug] [2026-04-22T14:15:58.707Z] >>> [apiv2][query] GET https://cloudfunctions.googleapis.com/v2/projects/golfgames-b3539/locations/us-central1/operations/operation-1776867331344-6500d2a1908cf-96451e8c-187b9061 [none]
[debug] [2026-04-22T14:15:58.955Z] <<< [apiv2][status] GET https://cloudfunctions.googleapis.com/v2/projects/golfgames-b3539/locations/us-central1/operations/operation-1776867331344-6500d2a1908cf-96451e8c-187b9061 200
[debug] [2026-04-22T14:15:58.956Z] <<< [apiv2][body] GET https://cloudfunctions.googleapis.com/v2/projects/golfgames-b3539/locations/us-central1/operations/operation-1776867331344-6500d2a1908cf-96451e8c-187b9061 {"name":"projects/golfgames-b3539/locations/us-central1/operations/operation-1776867331344-6500d2a1908cf-96451e8c-187b9061","metadata":{"@type":"type.googleapis.com/google.cloud.functions.v2.OperationMetadata","createTime":"2026-04-22T14:15:31.940584299Z","target":"projects/golfgames-b3539/locations/us-central1/functions/getGameCodes","verb":"create","cancelRequested":false,"apiVersion":"v2","requestResource":{"@type":"type.googleapis.com/google.cloud.functions.v2.Function","name":"projects/golfgames-b3539/locations/us-central1/functions/getGameCodes","buildConfig":{"runtime":"nodejs22","entryPoint":"getGameCodes","source":{"storageSource":{"bucket":"gcf-v2-sources-318574955673-us-central1","object":"getGameCodes/function-source.zip","generation":"1776867331626182"}},"environmentVariables":{"GOOGLE_NODE_RUN_SCRIPTS":""},"serviceAccount":"projects/golfgames-b3539/serviceAccounts/318574955673-compute@developer.gserviceaccount.com","automaticUpdatePolicy":{}},"serviceConfig":{"service":"projects/golfgames-b3539/locations/us-central1/services/getgamecodes","timeoutSeconds":60,"environmentVariables":{"FIREBASE_CONFIG":"{\"projectId\":\"golfgames-b3539\",\"databaseURL\":\"https://golfgames-b3539-default-rtdb.firebaseio.com\",\"storageBucket\":\"golfgames-b3539.firebasestorage.app\"}","GCLOUD_PROJECT":"golfgames-b3539","EVENTARC_CLOUD_EVENT_SOURCE":"projects/golfgames-b3539/locations/us-central1/services/getGameCodes","FUNCTION_TARGET":"getGameCodes","LOG_EXECUTION_ID":"true"},"ingressSettings":"ALLOW_ALL","serviceAccountEmail":"318574955673-compute@developer.gserviceaccount.com","availableMemory":"256Mi","maxInstanceRequestConcurrency":80,"availableCpu":"1"},"labels":{"deployment-tool":"cli-firebase","deployment-callable":"true","firebase-functions-hash":"50077629927c0010a998143b23028f04b29ec7a3"},"environment":"GEN_2"},"stages":[{"name":"BUILD","message":"Build in progress","state":"IN_PROGRESS","resource":"projects/318574955673/locations/us-central1/builds/96ac0a38-2374-4f66-90e3-c45a53ab3f5d","resourceUri":"https://console.cloud.google.com/cloud-build/builds;region=us-central1/96ac0a38-2374-4f66-90e3-c45a53ab3f5d?project=318574955673"},{"name":"SERVICE","state":"NOT_STARTED"}],"operationType":"CREATE_FUNCTION","buildName":"projects/318574955673/locations/us-central1/builds/96ac0a38-2374-4f66-90e3-c45a53ab3f5d"},"done":false}
[debug] [2026-04-22T14:16:08.956Z] [create-default-us-central1-getGameCodes] Retrying task index 0
[debug] [2026-04-22T14:16:08.959Z] Checked if tokens are valid: true, expires at: 1776870919029
[debug] [2026-04-22T14:16:08.959Z] Checked if tokens are valid: true, expires at: 1776870919029
[debug] [2026-04-22T14:16:08.959Z] >>> [apiv2][query] GET https://cloudfunctions.googleapis.com/v2/projects/golfgames-b3539/locations/us-central1/operations/operation-1776867331344-6500d2a1908cf-96451e8c-187b9061 [none]
[debug] [2026-04-22T14:16:09.301Z] <<< [apiv2][status] GET https://cloudfunctions.googleapis.com/v2/projects/golfgames-b3539/locations/us-central1/operations/operation-1776867331344-6500d2a1908cf-96451e8c-187b9061 200
[debug] [2026-04-22T14:16:09.302Z] <<< [apiv2][body] GET https://cloudfunctions.googleapis.com/v2/projects/golfgames-b3539/locations/us-central1/operations/operation-1776867331344-6500d2a1908cf-96451e8c-187b9061 {"name":"projects/golfgames-b3539/locations/us-central1/operations/operation-1776867331344-6500d2a1908cf-96451e8c-187b9061","metadata":{"@type":"type.googleapis.com/google.cloud.functions.v2.OperationMetadata","createTime":"2026-04-22T14:15:31.940584299Z","target":"projects/golfgames-b3539/locations/us-central1/functions/getGameCodes","verb":"create","cancelRequested":false,"apiVersion":"v2","requestResource":{"@type":"type.googleapis.com/google.cloud.functions.v2.Function","name":"projects/golfgames-b3539/locations/us-central1/functions/getGameCodes","buildConfig":{"runtime":"nodejs22","entryPoint":"getGameCodes","source":{"storageSource":{"bucket":"gcf-v2-sources-318574955673-us-central1","object":"getGameCodes/function-source.zip","generation":"1776867331626182"}},"environmentVariables":{"GOOGLE_NODE_RUN_SCRIPTS":""},"serviceAccount":"projects/golfgames-b3539/serviceAccounts/318574955673-compute@developer.gserviceaccount.com","automaticUpdatePolicy":{}},"serviceConfig":{"service":"projects/golfgames-b3539/locations/us-central1/services/getgamecodes","timeoutSeconds":60,"environmentVariables":{"FIREBASE_CONFIG":"{\"projectId\":\"golfgames-b3539\",\"databaseURL\":\"https://golfgames-b3539-default-rtdb.firebaseio.com\",\"storageBucket\":\"golfgames-b3539.firebasestorage.app\"}","GCLOUD_PROJECT":"golfgames-b3539","EVENTARC_CLOUD_EVENT_SOURCE":"projects/golfgames-b3539/locations/us-central1/services/getGameCodes","FUNCTION_TARGET":"getGameCodes","LOG_EXECUTION_ID":"true"},"ingressSettings":"ALLOW_ALL","serviceAccountEmail":"318574955673-compute@developer.gserviceaccount.com","availableMemory":"256Mi","maxInstanceRequestConcurrency":80,"availableCpu":"1"},"labels":{"deployment-tool":"cli-firebase","deployment-callable":"true","firebase-functions-hash":"50077629927c0010a998143b23028f04b29ec7a3"},"environment":"GEN_2"},"stages":[{"name":"BUILD","message":"Build in progress","state":"IN_PROGRESS","resource":"projects/318574955673/locations/us-central1/builds/96ac0a38-2374-4f66-90e3-c45a53ab3f5d","resourceUri":"https://console.cloud.google.com/cloud-build/builds;region=us-central1/96ac0a38-2374-4f66-90e3-c45a53ab3f5d?project=318574955673"},{"name":"SERVICE","state":"NOT_STARTED"}],"operationType":"CREATE_FUNCTION","buildName":"projects/318574955673/locations/us-central1/builds/96ac0a38-2374-4f66-90e3-c45a53ab3f5d"},"done":false}
[debug] [2026-04-22T14:16:19.302Z] [create-default-us-central1-getGameCodes] Retrying task index 0
[debug] [2026-04-22T14:16:19.302Z] Checked if tokens are valid: true, expires at: 1776870919029
[debug] [2026-04-22T14:16:19.302Z] Checked if tokens are valid: true, expires at: 1776870919029
[debug] [2026-04-22T14:16:19.302Z] >>> [apiv2][query] GET https://cloudfunctions.googleapis.com/v2/projects/golfgames-b3539/locations/us-central1/operations/operation-1776867331344-6500d2a1908cf-96451e8c-187b9061 [none]
[debug] [2026-04-22T14:16:19.749Z] <<< [apiv2][status] GET https://cloudfunctions.googleapis.com/v2/projects/golfgames-b3539/locations/us-central1/operations/operation-1776867331344-6500d2a1908cf-96451e8c-187b9061 200
[debug] [2026-04-22T14:16:19.750Z] <<< [apiv2][body] GET https://cloudfunctions.googleapis.com/v2/projects/golfgames-b3539/locations/us-central1/operations/operation-1776867331344-6500d2a1908cf-96451e8c-187b9061 {"name":"projects/golfgames-b3539/locations/us-central1/operations/operation-1776867331344-6500d2a1908cf-96451e8c-187b9061","metadata":{"@type":"type.googleapis.com/google.cloud.functions.v2.OperationMetadata","createTime":"2026-04-22T14:15:31.940584299Z","target":"projects/golfgames-b3539/locations/us-central1/functions/getGameCodes","verb":"create","cancelRequested":false,"apiVersion":"v2","requestResource":{"@type":"type.googleapis.com/google.cloud.functions.v2.Function","name":"projects/golfgames-b3539/locations/us-central1/functions/getGameCodes","buildConfig":{"runtime":"nodejs22","entryPoint":"getGameCodes","source":{"storageSource":{"bucket":"gcf-v2-sources-318574955673-us-central1","object":"getGameCodes/function-source.zip","generation":"1776867331626182"}},"environmentVariables":{"GOOGLE_NODE_RUN_SCRIPTS":""},"serviceAccount":"projects/golfgames-b3539/serviceAccounts/318574955673-compute@developer.gserviceaccount.com","automaticUpdatePolicy":{}},"serviceConfig":{"service":"projects/golfgames-b3539/locations/us-central1/services/getgamecodes","timeoutSeconds":60,"environmentVariables":{"FIREBASE_CONFIG":"{\"projectId\":\"golfgames-b3539\",\"databaseURL\":\"https://golfgames-b3539-default-rtdb.firebaseio.com\",\"storageBucket\":\"golfgames-b3539.firebasestorage.app\"}","GCLOUD_PROJECT":"golfgames-b3539","EVENTARC_CLOUD_EVENT_SOURCE":"projects/golfgames-b3539/locations/us-central1/services/getGameCodes","FUNCTION_TARGET":"getGameCodes","LOG_EXECUTION_ID":"true"},"ingressSettings":"ALLOW_ALL","serviceAccountEmail":"318574955673-compute@developer.gserviceaccount.com","availableMemory":"256Mi","maxInstanceRequestConcurrency":80,"availableCpu":"1"},"labels":{"deployment-tool":"cli-firebase","deployment-callable":"true","firebase-functions-hash":"50077629927c0010a998143b23028f04b29ec7a3"},"environment":"GEN_2"},"stages":[{"name":"BUILD","message":"Build in progress","state":"IN_PROGRESS","resource":"projects/318574955673/locations/us-central1/builds/96ac0a38-2374-4f66-90e3-c45a53ab3f5d","resourceUri":"https://console.cloud.google.com/cloud-build/builds;region=us-central1/96ac0a38-2374-4f66-90e3-c45a53ab3f5d?project=318574955673"},{"name":"SERVICE","state":"NOT_STARTED"}],"operationType":"CREATE_FUNCTION","buildName":"projects/318574955673/locations/us-central1/builds/96ac0a38-2374-4f66-90e3-c45a53ab3f5d"},"done":false}
[debug] [2026-04-22T14:16:29.752Z] [create-default-us-central1-getGameCodes] Retrying task index 0
[debug] [2026-04-22T14:16:29.754Z] Checked if tokens are valid: true, expires at: 1776870919029
[debug] [2026-04-22T14:16:29.754Z] Checked if tokens are valid: true, expires at: 1776870919029
[debug] [2026-04-22T14:16:29.754Z] >>> [apiv2][query] GET https://cloudfunctions.googleapis.com/v2/projects/golfgames-b3539/locations/us-central1/operations/operation-1776867331344-6500d2a1908cf-96451e8c-187b9061 [none]
[debug] [2026-04-22T14:16:29.974Z] <<< [apiv2][status] GET https://cloudfunctions.googleapis.com/v2/projects/golfgames-b3539/locations/us-central1/operations/operation-1776867331344-6500d2a1908cf-96451e8c-187b9061 200
[debug] [2026-04-22T14:16:29.974Z] <<< [apiv2][body] GET https://cloudfunctions.googleapis.com/v2/projects/golfgames-b3539/locations/us-central1/operations/operation-1776867331344-6500d2a1908cf-96451e8c-187b9061 {"name":"projects/golfgames-b3539/locations/us-central1/operations/operation-1776867331344-6500d2a1908cf-96451e8c-187b9061","metadata":{"@type":"type.googleapis.com/google.cloud.functions.v2.OperationMetadata","createTime":"2026-04-22T14:15:31.940584299Z","target":"projects/golfgames-b3539/locations/us-central1/functions/getGameCodes","verb":"create","cancelRequested":false,"apiVersion":"v2","requestResource":{"@type":"type.googleapis.com/google.cloud.functions.v2.Function","name":"projects/golfgames-b3539/locations/us-central1/functions/getGameCodes","buildConfig":{"runtime":"nodejs22","entryPoint":"getGameCodes","source":{"storageSource":{"bucket":"gcf-v2-sources-318574955673-us-central1","object":"getGameCodes/function-source.zip","generation":"1776867331626182"}},"environmentVariables":{"GOOGLE_NODE_RUN_SCRIPTS":""},"serviceAccount":"projects/golfgames-b3539/serviceAccounts/318574955673-compute@developer.gserviceaccount.com","automaticUpdatePolicy":{}},"serviceConfig":{"service":"projects/golfgames-b3539/locations/us-central1/services/getgamecodes","timeoutSeconds":60,"environmentVariables":{"FIREBASE_CONFIG":"{\"projectId\":\"golfgames-b3539\",\"databaseURL\":\"https://golfgames-b3539-default-rtdb.firebaseio.com\",\"storageBucket\":\"golfgames-b3539.firebasestorage.app\"}","GCLOUD_PROJECT":"golfgames-b3539","EVENTARC_CLOUD_EVENT_SOURCE":"projects/golfgames-b3539/locations/us-central1/services/getGameCodes","FUNCTION_TARGET":"getGameCodes","LOG_EXECUTION_ID":"true"},"ingressSettings":"ALLOW_ALL","serviceAccountEmail":"318574955673-compute@developer.gserviceaccount.com","availableMemory":"256Mi","maxInstanceRequestConcurrency":80,"availableCpu":"1"},"labels":{"deployment-tool":"cli-firebase","deployment-callable":"true","firebase-functions-hash":"50077629927c0010a998143b23028f04b29ec7a3"},"environment":"GEN_2"},"stages":[{"name":"BUILD","message":"Build in progress","state":"IN_PROGRESS","resource":"projects/318574955673/locations/us-central1/builds/96ac0a38-2374-4f66-90e3-c45a53ab3f5d","resourceUri":"https://console.cloud.google.com/cloud-build/builds;region=us-central1/96ac0a38-2374-4f66-90e3-c45a53ab3f5d?project=318574955673"},{"name":"SERVICE","state":"NOT_STARTED"}],"operationType":"CREATE_FUNCTION","buildName":"projects/318574955673/locations/us-central1/builds/96ac0a38-2374-4f66-90e3-c45a53ab3f5d"},"done":false}
